{"/Users/manuhdez/Develop/projects/class-recorder/src/apps/recording/backend/config/configExpressServer.ts": {"path":"/Users/manuhdez/Develop/projects/class-recorder/src/apps/recording/backend/config/configExpressServer.ts","statementMap":{"0":{"start":{"line":1,"column":0},"end":{"line":1,"column":69}},"1":{"start":{"line":2,"column":0},"end":{"line":2,"column":28}},"2":{"start":{"line":3,"column":0},"end":{"line":3,"column":39}},"3":{"start":{"line":4,"column":0},"end":{"line":4,"column":55}},"4":{"start":{"line":5,"column":0},"end":{"line":5,"column":69}},"5":{"start":{"line":8,"column":14},"end":{"line":8,"column":23}},"6":{"start":{"line":9,"column":2},"end":{"line":9,"column":18}},"7":{"start":{"line":10,"column":2},"end":{"line":10,"column":42}},"8":{"start":{"line":11,"column":2},"end":{"line":11,"column":30}},"9":{"start":{"line":12,"column":2},"end":{"line":12,"column":28}},"10":{"start":{"line":13,"column":2},"end":{"line":13,"column":34}},"11":{"start":{"line":14,"column":2},"end":{"line":14,"column":49}},"12":{"start":{"line":16,"column":17},"end":{"line":16,"column":25}},"13":{"start":{"line":17,"column":2},"end":{"line":17,"column":25}},"14":{"start":{"line":18,"column":2},"end":{"line":18,"column":18}},"15":{"start":{"line":19,"column":2},"end":{"line":19,"column":24}},"16":{"start":{"line":20,"column":2},"end":{"line":20,"column":31}},"17":{"start":{"line":22,"column":2},"end":{"line":22,"column":13}},"18":{"start":{"line":7,"column":0},"end":{"line":7,"column":24}}},"fnMap":{"0":{"name":"configExpressServer","decl":{"start":{"line":7,"column":24},"end":{"line":7,"column":43}},"loc":{"start":{"line":7,"column":43},"end":{"line":23,"column":1}}}},"branchMap":{},"s":{"0":3,"1":3,"2":3,"3":3,"4":3,"5":3,"6":3,"7":3,"8":3,"9":3,"10":3,"11":3,"12":3,"13":3,"14":3,"15":3,"16":3,"17":3,"18":3},"f":{"0":3},"b":{}}
,"/Users/manuhdez/Develop/projects/class-recorder/src/apps/recording/backend/controllers/Video/VideoGetController.ts": {"path":"/Users/manuhdez/Develop/projects/class-recorder/src/apps/recording/backend/controllers/Video/VideoGetController.ts","statementMap":{"0":{"start":{"line":6,"column":22},"end":{"line":6,"column":46}},"1":{"start":{"line":9,"column":19},"end":{"line":9,"column":50}},"2":{"start":{"line":11,"column":4},"end":{"line":14,"column":7}},"3":{"start":{"line":13,"column":49},"end":{"line":13,"column":69}},"4":{"start":{"line":5,"column":0},"end":{"line":5,"column":21}}},"fnMap":{"0":{"name":"(anonymous_7)","decl":{"start":{"line":6,"column":2},"end":{"line":6,"column":22}},"loc":{"start":{"line":6,"column":46},"end":{"line":6,"column":50}}},"1":{"name":"(anonymous_8)","decl":{"start":{"line":8,"column":8},"end":{"line":8,"column":11}},"loc":{"start":{"line":8,"column":39},"end":{"line":15,"column":null}}},"2":{"name":"(anonymous_10)","decl":{"start":{"line":13,"column":40},"end":{"line":13,"column":45}},"loc":{"start":{"line":13,"column":49},"end":{"line":13,"column":69}}}},"branchMap":{"0":{"loc":{"start":{"line":13,"column":24},"end":{"line":13,"column":26}},"type":"cond-expr","locations":[{"start":{"line":13,"column":24},"end":{"line":13,"column":26}},{"start":{"line":13,"column":29},"end":{"line":13,"column":70}}]}},"s":{"0":3,"1":3,"2":3,"3":6,"4":3},"f":{"0":3,"1":3,"2":6},"b":{"0":[0,3]}}
,"/Users/manuhdez/Develop/projects/class-recorder/src/apps/recording/backend/controllers/Video/VideoPostController.ts": {"path":"/Users/manuhdez/Develop/projects/class-recorder/src/apps/recording/backend/controllers/Video/VideoPostController.ts","statementMap":{"0":{"start":{"line":4,"column":0},"end":{"line":4,"column":84}},"1":{"start":{"line":5,"column":0},"end":{"line":5,"column":78}},"2":{"start":{"line":8,"column":22},"end":{"line":8,"column":48}},"3":{"start":{"line":11,"column":15},"end":{"line":11,"column":39}},"4":{"start":{"line":12,"column":18},"end":{"line":12,"column":48}},"5":{"start":{"line":13,"column":4},"end":{"line":13,"column":40}},"6":{"start":{"line":14,"column":4},"end":{"line":14,"column":92}},"7":{"start":{"line":7,"column":0},"end":{"line":7,"column":21}}},"fnMap":{"0":{"name":"(anonymous_8)","decl":{"start":{"line":8,"column":2},"end":{"line":8,"column":22}},"loc":{"start":{"line":8,"column":48},"end":{"line":8,"column":52}}},"1":{"name":"(anonymous_9)","decl":{"start":{"line":10,"column":8},"end":{"line":10,"column":11}},"loc":{"start":{"line":10,"column":39},"end":{"line":15,"column":null}}}},"branchMap":{},"s":{"0":3,"1":3,"2":3,"3":14,"4":11,"5":8,"6":8,"7":3},"f":{"0":3,"1":14},"b":{}}
,"/Users/manuhdez/Develop/projects/class-recorder/src/apps/recording/backend/middlewares/errorhandler.ts": {"path":"/Users/manuhdez/Develop/projects/class-recorder/src/apps/recording/backend/middlewares/errorhandler.ts","statementMap":{"0":{"start":{"line":3,"column":0},"end":{"line":3,"column":48}},"1":{"start":{"line":6,"column":17},"end":{"line":6,"column":88}},"2":{"start":{"line":7,"column":2},"end":{"line":7,"column":36}},"3":{"start":{"line":9,"column":2},"end":{"line":12,"column":5}},"4":{"start":{"line":5,"column":0},"end":{"line":5,"column":24}}},"fnMap":{"0":{"name":"errorHandler","decl":{"start":{"line":5,"column":24},"end":{"line":5,"column":36}},"loc":{"start":{"line":5,"column":100},"end":{"line":13,"column":1}}}},"branchMap":{"0":{"loc":{"start":{"line":6,"column":51},"end":{"line":6,"column":81}},"type":"cond-expr","locations":[{"start":{"line":6,"column":51},"end":{"line":6,"column":81}},{"start":{"line":6,"column":84},"end":{"line":6,"column":88}}]},"1":{"loc":{"start":{"line":7,"column":8},"end":{"line":7,"column":10}},"type":"cond-expr","locations":[{"start":{"line":7,"column":8},"end":{"line":7,"column":10}},{"start":{"line":7,"column":2},"end":{"line":7,"column":35}}]},"2":{"loc":{"start":{"line":7,"column":2},"end":{"line":7,"column":10}},"type":"binary-expr","locations":[{"start":{"line":7,"column":2},"end":{"line":7,"column":10}},{"start":{"line":7,"column":2},"end":{"line":7,"column":10}}]},"3":{"loc":{"start":{"line":7,"column":27},"end":{"line":7,"column":31}},"type":"cond-expr","locations":[{"start":{"line":7,"column":27},"end":{"line":7,"column":31}},{"start":{"line":7,"column":31},"end":{"line":7,"column":34}}]},"4":{"loc":{"start":{"line":7,"column":16},"end":{"line":7,"column":31}},"type":"binary-expr","locations":[{"start":{"line":7,"column":16},"end":{"line":7,"column":31}},{"start":{"line":7,"column":27},"end":{"line":7,"column":31}}]}},"s":{"0":3,"1":6,"2":6,"3":6,"4":3},"f":{"0":6},"b":{"0":[0,6],"1":[6,0],"2":[6,0],"3":[0,0],"4":[0,0]}}
,"/Users/manuhdez/Develop/projects/class-recorder/src/apps/recording/backend/middlewares/handleRouteNotFound.ts": {"path":"/Users/manuhdez/Develop/projects/class-recorder/src/apps/recording/backend/middlewares/handleRouteNotFound.ts","statementMap":{"0":{"start":{"line":4,"column":2},"end":{"line":4,"column":88}},"1":{"start":{"line":3,"column":0},"end":{"line":3,"column":24}}},"fnMap":{"0":{"name":"handleRouteNotFound","decl":{"start":{"line":3,"column":24},"end":{"line":3,"column":43}},"loc":{"start":{"line":3,"column":71},"end":{"line":5,"column":1}}}},"branchMap":{},"s":{"0":1,"1":3},"f":{"0":1},"b":{}}
,"/Users/manuhdez/Develop/projects/class-recorder/src/apps/recording/backend/tests/app.ts": {"path":"/Users/manuhdez/Develop/projects/class-recorder/src/apps/recording/backend/tests/app.ts","statementMap":{"0":{"start":{"line":2,"column":0},"end":{"line":2,"column":64}},"1":{"start":{"line":5,"column":2},"end":{"line":5,"column":31}},"2":{"start":{"line":4,"column":0},"end":{"line":4,"column":24}}},"fnMap":{"0":{"name":"getTestApp","decl":{"start":{"line":4,"column":24},"end":{"line":4,"column":34}},"loc":{"start":{"line":4,"column":34},"end":{"line":6,"column":1}}}},"branchMap":{},"s":{"0":2,"1":2,"2":2},"f":{"0":2},"b":{}}
,"/Users/manuhdez/Develop/projects/class-recorder/src/contexts/Recording/Shared/infrastructure/persistence/mongo/MongoConfigFactory.ts": {"path":"/Users/manuhdez/Develop/projects/class-recorder/src/contexts/Recording/Shared/infrastructure/persistence/mongo/MongoConfigFactory.ts","statementMap":{"0":{"start":{"line":1,"column":0},"end":{"line":1,"column":32}},"1":{"start":{"line":4,"column":0},"end":{"line":4,"column":9}},"2":{"start":{"line":8,"column":4},"end":{"line":10,"column":6}},"3":{"start":{"line":14,"column":4},"end":{"line":16,"column":6}},"4":{"start":{"line":6,"column":0},"end":{"line":6,"column":21}}},"fnMap":{"0":{"name":"(anonymous_0)","decl":{"start":{"line":7,"column":2},"end":{"line":7,"column":8}},"loc":{"start":{"line":7,"column":21},"end":{"line":11,"column":3}}},"1":{"name":"(anonymous_1)","decl":{"start":{"line":13,"column":2},"end":{"line":13,"column":8}},"loc":{"start":{"line":13,"column":25},"end":{"line":17,"column":3}}}},"branchMap":{},"s":{"0":3,"1":3,"2":0,"3":3,"4":3},"f":{"0":0,"1":3},"b":{}}
,"/Users/manuhdez/Develop/projects/class-recorder/src/contexts/Recording/Videos/application/Create/VideoCreator.ts": {"path":"/Users/manuhdez/Develop/projects/class-recorder/src/contexts/Recording/Videos/application/Create/VideoCreator.ts","statementMap":{"0":{"start":{"line":1,"column":0},"end":{"line":1,"column":39}},"1":{"start":{"line":7,"column":22},"end":{"line":7,"column":54}},"2":{"start":{"line":10,"column":18},"end":{"line":10,"column":41}},"3":{"start":{"line":11,"column":4},"end":{"line":11,"column":37}},"4":{"start":{"line":6,"column":0},"end":{"line":6,"column":21}}},"fnMap":{"0":{"name":"(anonymous_1)","decl":{"start":{"line":7,"column":2},"end":{"line":7,"column":22}},"loc":{"start":{"line":7,"column":54},"end":{"line":7,"column":58}}},"1":{"name":"(anonymous_2)","decl":{"start":{"line":9,"column":2},"end":{"line":9,"column":8}},"loc":{"start":{"line":9,"column":39},"end":{"line":12,"column":3}}}},"branchMap":{},"s":{"0":4,"1":4,"2":9,"3":9,"4":4},"f":{"0":4,"1":9},"b":{}}
,"/Users/manuhdez/Develop/projects/class-recorder/src/contexts/Recording/Videos/domain/Video.ts": {"path":"/Users/manuhdez/Develop/projects/class-recorder/src/contexts/Recording/Videos/domain/Video.ts","statementMap":{"0":{"start":{"line":1,"column":0},"end":{"line":1,"column":32}},"1":{"start":{"line":2,"column":0},"end":{"line":2,"column":38}},"2":{"start":{"line":3,"column":0},"end":{"line":3,"column":65}},"3":{"start":{"line":7,"column":4},"end":{"line":7,"column":12}},"4":{"start":{"line":6,"column":23},"end":{"line":6,"column":34}},"5":{"start":{"line":6,"column":45},"end":{"line":6,"column":62}},"6":{"start":{"line":11,"column":4},"end":{"line":11,"column":32}},"7":{"start":{"line":15,"column":4},"end":{"line":15,"column":73}},"8":{"start":{"line":19,"column":4},"end":{"line":22,"column":6}},"9":{"start":{"line":5,"column":0},"end":{"line":5,"column":21}}},"fnMap":{"0":{"name":"(anonymous_1)","decl":{"start":{"line":6,"column":2},"end":{"line":6,"column":23}},"loc":{"start":{"line":6,"column":62},"end":{"line":8,"column":3}}},"1":{"name":"(anonymous_2)","decl":{"start":{"line":10,"column":9},"end":{"line":10,"column":15}},"loc":{"start":{"line":10,"column":53},"end":{"line":12,"column":3}}},"2":{"name":"(anonymous_3)","decl":{"start":{"line":14,"column":9},"end":{"line":14,"column":15}},"loc":{"start":{"line":14,"column":67},"end":{"line":16,"column":3}}},"3":{"name":"(anonymous_4)","decl":{"start":{"line":18,"column":9},"end":{"line":18,"column":21}},"loc":{"start":{"line":18,"column":21},"end":{"line":23,"column":3}}}},"branchMap":{},"s":{"0":5,"1":5,"2":5,"3":31,"4":31,"5":31,"6":9,"7":6,"8":19,"9":5},"f":{"0":31,"1":9,"2":6,"3":19},"b":{}}
,"/Users/manuhdez/Develop/projects/class-recorder/src/contexts/Recording/Videos/domain/VideoId.ts": {"path":"/Users/manuhdez/Develop/projects/class-recorder/src/contexts/Recording/Videos/domain/VideoId.ts","statementMap":{"0":{"start":{"line":1,"column":0},"end":{"line":1,"column":60}},"1":{"start":{"line":3,"column":0},"end":{"line":3,"column":21}}},"fnMap":{},"branchMap":{},"s":{"0":5,"1":5},"f":{},"b":{}}
,"/Users/manuhdez/Develop/projects/class-recorder/src/contexts/Recording/Videos/domain/VideoTitle.ts": {"path":"/Users/manuhdez/Develop/projects/class-recorder/src/contexts/Recording/Videos/domain/VideoTitle.ts","statementMap":{"0":{"start":{"line":1,"column":0},"end":{"line":1,"column":71}},"1":{"start":{"line":2,"column":0},"end":{"line":2,"column":59}},"2":{"start":{"line":5,"column":10},"end":{"line":5,"column":33}},"3":{"start":{"line":10,"column":4},"end":{"line":10,"column":35}},"4":{"start":{"line":11,"column":4},"end":{"line":11,"column":23}},"5":{"start":{"line":15,"column":4},"end":{"line":15,"column":47}},"6":{"start":{"line":16,"column":34},"end":{"line":16,"column":70}},"7":{"start":{"line":17,"column":4},"end":{"line":17,"column":82}},"8":{"start":{"line":17,"column":31},"end":{"line":17,"column":82}},"9":{"start":{"line":21,"column":4},"end":{"line":21,"column":71}},"10":{"start":{"line":21,"column":35},"end":{"line":21,"column":71}},"11":{"start":{"line":4,"column":0},"end":{"line":4,"column":21}}},"fnMap":{"0":{"name":"(anonymous_1)","decl":{"start":{"line":9,"column":2},"end":{"line":9,"column":14}},"loc":{"start":{"line":9,"column":27},"end":{"line":12,"column":3}}},"1":{"name":"(anonymous_2)","decl":{"start":{"line":14,"column":10},"end":{"line":14,"column":28}},"loc":{"start":{"line":14,"column":42},"end":{"line":18,"column":3}}},"2":{"name":"(anonymous_3)","decl":{"start":{"line":20,"column":10},"end":{"line":20,"column":40}},"loc":{"start":{"line":20,"column":54},"end":{"line":22,"column":3}}}},"branchMap":{"0":{"loc":{"start":{"line":17,"column":4},"end":{"line":17,"column":82}},"type":"if","locations":[{"start":{"line":17,"column":4},"end":{"line":17,"column":82}},{"start":{"line":17,"column":4},"end":{"line":17,"column":82}}]},"1":{"loc":{"start":{"line":21,"column":4},"end":{"line":21,"column":71}},"type":"if","locations":[{"start":{"line":21,"column":4},"end":{"line":21,"column":71}},{"start":{"line":21,"column":4},"end":{"line":21,"column":71}}]}},"s":{"0":5,"1":5,"2":33,"3":33,"4":30,"5":33,"6":31,"7":31,"8":1,"9":33,"10":2,"11":5},"f":{"0":33,"1":33,"2":33},"b":{"0":[1,30],"1":[2,31]}}
,"/Users/manuhdez/Develop/projects/class-recorder/src/contexts/Recording/Videos/infrastructure/MongoVideoRepository.ts": {"path":"/Users/manuhdez/Develop/projects/class-recorder/src/contexts/Recording/Videos/infrastructure/MongoVideoRepository.ts","statementMap":{"0":{"start":{"line":1,"column":0},"end":{"line":1,"column":36}},"1":{"start":{"line":3,"column":0},"end":{"line":3,"column":95}},"2":{"start":{"line":8,"column":4},"end":{"line":8,"column":20}},"3":{"start":{"line":12,"column":4},"end":{"line":12,"column":46}},"4":{"start":{"line":16,"column":23},"end":{"line":16,"column":46}},"5":{"start":{"line":17,"column":19},"end":{"line":17,"column":52}},"6":{"start":{"line":18,"column":4},"end":{"line":18,"column":76}},"7":{"start":{"line":18,"column":29},"end":{"line":18,"column":74}},"8":{"start":{"line":22,"column":23},"end":{"line":22,"column":46}},"9":{"start":{"line":23,"column":21},"end":{"line":23,"column":58}},"10":{"start":{"line":24,"column":4},"end":{"line":24,"column":67}},"11":{"start":{"line":28,"column":4},"end":{"line":28,"column":32}},"12":{"start":{"line":6,"column":0},"end":{"line":6,"column":21}}},"fnMap":{"0":{"name":"(anonymous_8)","decl":{"start":{"line":7,"column":12},"end":{"line":7,"column":22}},"loc":{"start":{"line":7,"column":22},"end":{"line":9,"column":3}}},"1":{"name":"(anonymous_9)","decl":{"start":{"line":11,"column":8},"end":{"line":11,"column":12}},"loc":{"start":{"line":11,"column":25},"end":{"line":13,"column":null}}},"2":{"name":"(anonymous_11)","decl":{"start":{"line":15,"column":8},"end":{"line":15,"column":11}},"loc":{"start":{"line":15,"column":11},"end":{"line":19,"column":null}}},"3":{"name":"(anonymous_13)","decl":{"start":{"line":18,"column":22},"end":{"line":18,"column":25}},"loc":{"start":{"line":18,"column":29},"end":{"line":18,"column":74}}},"4":{"name":"(anonymous_14)","decl":{"start":{"line":21,"column":8},"end":{"line":21,"column":12}},"loc":{"start":{"line":21,"column":24},"end":{"line":25,"column":null}}},"5":{"name":"(anonymous_16)","decl":{"start":{"line":27,"column":8},"end":{"line":27,"column":13}},"loc":{"start":{"line":27,"column":13},"end":{"line":29,"column":null}}}},"branchMap":{"0":{"loc":{"start":{"line":24,"column":22},"end":{"line":24,"column":59}},"type":"cond-expr","locations":[{"start":{"line":24,"column":22},"end":{"line":24,"column":59}},{"start":{"line":24,"column":62},"end":{"line":24,"column":66}}]}},"s":{"0":3,"1":3,"2":21,"3":8,"4":3,"5":3,"6":3,"7":6,"8":0,"9":0,"10":0,"11":10,"12":3},"f":{"0":21,"1":8,"2":3,"3":6,"4":0,"5":10},"b":{"0":[0,0]}}
,"/Users/manuhdez/Develop/projects/class-recorder/src/contexts/Shared/domain/AggregateRoot.ts": {"path":"/Users/manuhdez/Develop/projects/class-recorder/src/contexts/Shared/domain/AggregateRoot.ts","statementMap":{"0":{"start":{"line":1,"column":0},"end":{"line":1,"column":30}}},"fnMap":{},"branchMap":{},"s":{"0":5},"f":{},"b":{}}
,"/Users/manuhdez/Develop/projects/class-recorder/src/contexts/Shared/domain/errors/InvalidUuid.ts": {"path":"/Users/manuhdez/Develop/projects/class-recorder/src/contexts/Shared/domain/errors/InvalidUuid.ts","statementMap":{"0":{"start":{"line":1,"column":0},"end":{"line":1,"column":37}},"1":{"start":{"line":2,"column":0},"end":{"line":2,"column":37}},"2":{"start":{"line":6,"column":20},"end":{"line":6,"column":63}},"3":{"start":{"line":7,"column":23},"end":{"line":7,"column":45}},"4":{"start":{"line":8,"column":4},"end":{"line":8,"column":31}},"5":{"start":{"line":4,"column":0},"end":{"line":4,"column":21}}},"fnMap":{"0":{"name":"(anonymous_1)","decl":{"start":{"line":5,"column":2},"end":{"line":5,"column":null}},"loc":{"start":{"line":5,"column":2},"end":{"line":9,"column":3}}}},"branchMap":{},"s":{"0":5,"1":5,"2":3,"3":3,"4":3,"5":5},"f":{"0":3},"b":{}}
,"/Users/manuhdez/Develop/projects/class-recorder/src/contexts/Shared/domain/value-object/Uuid.ts": {"path":"/Users/manuhdez/Develop/projects/class-recorder/src/contexts/Shared/domain/value-object/Uuid.ts","statementMap":{"0":{"start":{"line":1,"column":0},"end":{"line":1,"column":36}},"1":{"start":{"line":2,"column":0},"end":{"line":2,"column":48}},"2":{"start":{"line":8,"column":4},"end":{"line":8,"column":34}},"3":{"start":{"line":9,"column":4},"end":{"line":9,"column":23}},"4":{"start":{"line":13,"column":24},"end":{"line":13,"column":36}},"5":{"start":{"line":14,"column":4},"end":{"line":14,"column":46}},"6":{"start":{"line":14,"column":22},"end":{"line":14,"column":46}},"7":{"start":{"line":18,"column":4},"end":{"line":18,"column":26}},"8":{"start":{"line":22,"column":4},"end":{"line":22,"column":22}},"9":{"start":{"line":4,"column":0},"end":{"line":4,"column":21}}},"fnMap":{"0":{"name":"(anonymous_1)","decl":{"start":{"line":7,"column":2},"end":{"line":7,"column":14}},"loc":{"start":{"line":7,"column":27},"end":{"line":10,"column":3}}},"1":{"name":"(anonymous_2)","decl":{"start":{"line":12,"column":10},"end":{"line":12,"column":27}},"loc":{"start":{"line":12,"column":38},"end":{"line":15,"column":3}}},"2":{"name":"(anonymous_3)","decl":{"start":{"line":17,"column":2},"end":{"line":17,"column":8}},"loc":{"start":{"line":17,"column":15},"end":{"line":19,"column":3}}},"3":{"name":"(anonymous_4)","decl":{"start":{"line":21,"column":9},"end":{"line":21,"column":17}},"loc":{"start":{"line":21,"column":17},"end":{"line":23,"column":3}}}},"branchMap":{"0":{"loc":{"start":{"line":14,"column":4},"end":{"line":14,"column":46}},"type":"if","locations":[{"start":{"line":14,"column":4},"end":{"line":14,"column":46}},{"start":{"line":14,"column":4},"end":{"line":14,"column":46}}]}},"s":{"0":5,"1":5,"2":53,"3":50,"4":53,"5":53,"6":3,"7":17,"8":1,"9":5},"f":{"0":53,"1":53,"2":17,"3":1},"b":{"0":[3,50]}}
,"/Users/manuhdez/Develop/projects/class-recorder/src/contexts/Shared/infrastructure/persistence/mongo/MongoClientFactory.ts": {"path":"/Users/manuhdez/Develop/projects/class-recorder/src/contexts/Shared/infrastructure/persistence/mongo/MongoClientFactory.ts","statementMap":{"0":{"start":{"line":1,"column":0},"end":{"line":1,"column":38}},"1":{"start":{"line":12,"column":17},"end":{"line":12,"column":58}},"2":{"start":{"line":14,"column":4},"end":{"line":17,"column":null}},"3":{"start":{"line":15,"column":6},"end":{"line":15,"column":71}},"4":{"start":{"line":16,"column":6},"end":{"line":16,"column":61}},"5":{"start":{"line":18,"column":4},"end":{"line":18,"column":18}},"6":{"start":{"line":22,"column":4},"end":{"line":22,"column":51}},"7":{"start":{"line":26,"column":19},"end":{"line":26,"column":99}},"8":{"start":{"line":27,"column":4},"end":{"line":27,"column":27}},"9":{"start":{"line":28,"column":4},"end":{"line":28,"column":18}},"10":{"start":{"line":32,"column":4},"end":{"line":32,"column":53}},"11":{"start":{"line":8,"column":0},"end":{"line":8,"column":21}},"12":{"start":{"line":9,"column":17},"end":{"line":9,"column":62}}},"fnMap":{"0":{"name":"(anonymous_7)","decl":{"start":{"line":11,"column":2},"end":{"line":11,"column":8}},"loc":{"start":{"line":11,"column":68},"end":{"line":19,"column":null}}},"1":{"name":"(anonymous_9)","decl":{"start":{"line":21,"column":10},"end":{"line":21,"column":16}},"loc":{"start":{"line":21,"column":46},"end":{"line":23,"column":3}}},"2":{"name":"(anonymous_10)","decl":{"start":{"line":25,"column":10},"end":{"line":25,"column":16}},"loc":{"start":{"line":25,"column":65},"end":{"line":29,"column":null}}},"3":{"name":"(anonymous_12)","decl":{"start":{"line":31,"column":10},"end":{"line":31,"column":16}},"loc":{"start":{"line":31,"column":72},"end":{"line":33,"column":3}}}},"branchMap":{"0":{"loc":{"start":{"line":14,"column":4},"end":{"line":17,"column":null}},"type":"if","locations":[{"start":{"line":14,"column":4},"end":{"line":17,"column":null}},{"start":{"line":14,"column":4},"end":{"line":17,"column":null}}]}},"s":{"0":3,"1":3,"2":3,"3":3,"4":3,"5":3,"6":3,"7":3,"8":3,"9":3,"10":3,"11":3,"12":3},"f":{"0":3,"1":3,"2":3,"3":3},"b":{"0":[3,0]}}
,"/Users/manuhdez/Develop/projects/class-recorder/src/contexts/Shared/infrastructure/persistence/mongo/MongoRepository.ts": {"path":"/Users/manuhdez/Develop/projects/class-recorder/src/contexts/Shared/infrastructure/persistence/mongo/MongoRepository.ts","statementMap":{"0":{"start":{"line":5,"column":22},"end":{"line":5,"column":51}},"1":{"start":{"line":10,"column":4},"end":{"line":10,"column":24}},"2":{"start":{"line":14,"column":19},"end":{"line":14,"column":38}},"3":{"start":{"line":15,"column":4},"end":{"line":15,"column":53}},"4":{"start":{"line":19,"column":18},"end":{"line":22,"column":null}},"5":{"start":{"line":25,"column":23},"end":{"line":25,"column":46}},"6":{"start":{"line":26,"column":4},"end":{"line":26,"column":82}},"7":{"start":{"line":30,"column":19},"end":{"line":30,"column":38}},"8":{"start":{"line":31,"column":4},"end":{"line":31,"column":67}},"9":{"start":{"line":4,"column":0},"end":{"line":4,"column":30}}},"fnMap":{"0":{"name":"(anonymous_7)","decl":{"start":{"line":5,"column":2},"end":{"line":5,"column":22}},"loc":{"start":{"line":5,"column":51},"end":{"line":5,"column":55}}},"1":{"name":"(anonymous_8)","decl":{"start":{"line":9,"column":12},"end":{"line":9,"column":18}},"loc":{"start":{"line":9,"column":18},"end":{"line":11,"column":3}}},"2":{"name":"(anonymous_9)","decl":{"start":{"line":13,"column":18},"end":{"line":13,"column":28}},"loc":{"start":{"line":13,"column":28},"end":{"line":16,"column":null}}},"3":{"name":"(anonymous_11)","decl":{"start":{"line":18,"column":18},"end":{"line":18,"column":25}},"loc":{"start":{"line":18,"column":54},"end":{"line":27,"column":null}}},"4":{"name":"(anonymous_13)","decl":{"start":{"line":29,"column":18},"end":{"line":29,"column":32}},"loc":{"start":{"line":29,"column":32},"end":{"line":32,"column":null}}}},"branchMap":{},"s":{"0":3,"1":21,"2":11,"3":11,"4":8,"5":8,"6":8,"7":10,"8":10,"9":3},"f":{"0":3,"1":21,"2":11,"3":8,"4":10},"b":{}}
,"/Users/manuhdez/Develop/projects/class-recorder/src/test/Recording/Videos/domain/VideoMother.ts": {"path":"/Users/manuhdez/Develop/projects/class-recorder/src/test/Recording/Videos/domain/VideoMother.ts","statementMap":{"0":{"start":{"line":1,"column":0},"end":{"line":1,"column":30}},"1":{"start":{"line":2,"column":0},"end":{"line":2,"column":71}},"2":{"start":{"line":3,"column":0},"end":{"line":3,"column":81}},"3":{"start":{"line":4,"column":0},"end":{"line":4,"column":75}},"4":{"start":{"line":8,"column":4},"end":{"line":8,"column":42}},"5":{"start":{"line":12,"column":21},"end":{"line":12,"column":43}},"6":{"start":{"line":13,"column":4},"end":{"line":13,"column":33}},"7":{"start":{"line":17,"column":15},"end":{"line":17,"column":42}},"8":{"start":{"line":18,"column":18},"end":{"line":18,"column":48}},"9":{"start":{"line":19,"column":4},"end":{"line":19,"column":32}},"10":{"start":{"line":23,"column":4},"end":{"line":23,"column":72}},"11":{"start":{"line":23,"column":50},"end":{"line":23,"column":70}},"12":{"start":{"line":6,"column":0},"end":{"line":6,"column":21}}},"fnMap":{"0":{"name":"(anonymous_1)","decl":{"start":{"line":7,"column":2},"end":{"line":7,"column":8}},"loc":{"start":{"line":7,"column":25},"end":{"line":9,"column":3}}},"1":{"name":"(anonymous_2)","decl":{"start":{"line":11,"column":2},"end":{"line":11,"column":8}},"loc":{"start":{"line":11,"column":22},"end":{"line":14,"column":3}}},"2":{"name":"(anonymous_3)","decl":{"start":{"line":16,"column":2},"end":{"line":16,"column":8}},"loc":{"start":{"line":16,"column":15},"end":{"line":20,"column":3}}},"3":{"name":"(anonymous_4)","decl":{"start":{"line":22,"column":2},"end":{"line":22,"column":8}},"loc":{"start":{"line":22,"column":31},"end":{"line":24,"column":3}}},"4":{"name":"(anonymous_5)","decl":{"start":{"line":23,"column":44},"end":{"line":23,"column":47}},"loc":{"start":{"line":23,"column":50},"end":{"line":23,"column":70}}}},"branchMap":{"0":{"loc":{"start":{"line":22,"column":29},"end":{"line":22,"column":31}},"type":"default-arg","locations":[{"start":{"line":22,"column":29},"end":{"line":22,"column":31}}]}},"s":{"0":3,"1":3,"2":3,"3":3,"4":16,"5":16,"6":16,"7":15,"8":15,"9":15,"10":2,"11":15,"12":3},"f":{"0":16,"1":16,"2":15,"3":2,"4":15},"b":{"0":[1]}}
,"/Users/manuhdez/Develop/projects/class-recorder/src/test/Recording/Videos/infrastructure/MockVideoRepository.ts": {"path":"/Users/manuhdez/Develop/projects/class-recorder/src/test/Recording/Videos/infrastructure/MockVideoRepository.ts","statementMap":{"0":{"start":{"line":4,"column":2},"end":{"line":4,"column":19}},"1":{"start":{"line":5,"column":2},"end":{"line":5,"column":18}},"2":{"start":{"line":6,"column":2},"end":{"line":6,"column":19}},"3":{"start":{"line":7,"column":2},"end":{"line":7,"column":20}},"4":{"start":{"line":3,"column":0},"end":{"line":3,"column":21}}},"fnMap":{"0":{"name":"(anonymous_0)","decl":{"start":{"line":3,"column":0},"end":{"line":3,"column":21}},"loc":{"start":{"line":3,"column":0},"end":{"line":8,"column":1}}}},"branchMap":{},"s":{"0":2,"1":2,"2":2,"3":2,"4":2},"f":{"0":2},"b":{}}
,"/Users/manuhdez/Develop/projects/class-recorder/src/test/Recording/Videos/infrastructure/utils.ts": {"path":"/Users/manuhdez/Develop/projects/class-recorder/src/test/Recording/Videos/infrastructure/utils.ts","statementMap":{"0":{"start":{"line":2,"column":0},"end":{"line":2,"column":80}},"1":{"start":{"line":5,"column":43},"end":{"line":5,"column":82}},"2":{"start":{"line":6,"column":2},"end":{"line":6,"column":32}},"3":{"start":{"line":4,"column":0},"end":{"line":4,"column":22}}},"fnMap":{"0":{"name":"clearVideosFromDB","decl":{"start":{"line":4,"column":22},"end":{"line":4,"column":39}},"loc":{"start":{"line":4,"column":39},"end":{"line":7,"column":null}}}},"branchMap":{},"s":{"0":1,"1":10,"2":10,"3":1},"f":{"0":10},"b":{}}
}
