TN:
SF:src/apps/recording/backend/config/configExpressServer.ts
FN:7,configExpressServer
FNF:1
FNH:1
FNDA:3,configExpressServer
DA:1,3
DA:2,3
DA:3,3
DA:4,3
DA:5,3
DA:7,3
DA:8,3
DA:9,3
DA:10,3
DA:11,3
DA:12,3
DA:13,3
DA:14,3
DA:16,3
DA:17,3
DA:18,3
DA:19,3
DA:20,3
DA:22,3
LF:19
LH:19
BRF:0
BRH:0
end_of_record
TN:
SF:src/apps/recording/backend/controllers/Video/VideoGetController.ts
FN:6,(anonymous_7)
FN:8,(anonymous_8)
FN:13,(anonymous_10)
FNF:3
FNH:3
FNDA:3,(anonymous_7)
FNDA:3,(anonymous_8)
FNDA:6,(anonymous_10)
DA:5,3
DA:6,3
DA:9,3
DA:11,3
DA:13,6
LF:5
LH:5
BRDA:13,0,0,0
BRDA:13,0,1,3
BRF:2
BRH:1
end_of_record
TN:
SF:src/apps/recording/backend/controllers/Video/VideoPostController.ts
FN:8,(anonymous_8)
FN:10,(anonymous_9)
FNF:2
FNH:2
FNDA:3,(anonymous_8)
FNDA:14,(anonymous_9)
DA:4,3
DA:5,3
DA:7,3
DA:8,3
DA:11,14
DA:12,11
DA:13,8
DA:14,8
LF:8
LH:8
BRF:0
BRH:0
end_of_record
TN:
SF:src/apps/recording/backend/middlewares/errorhandler.ts
FN:5,errorHandler
FNF:1
FNH:1
FNDA:6,errorHandler
DA:3,3
DA:5,3
DA:6,6
DA:7,6
DA:9,6
LF:5
LH:5
BRDA:6,0,0,0
BRDA:6,0,1,6
BRDA:7,1,0,6
BRDA:7,1,1,0
BRDA:7,2,0,6
BRDA:7,2,1,0
BRDA:7,3,0,0
BRDA:7,3,1,0
BRDA:7,4,0,0
BRDA:7,4,1,0
BRF:10
BRH:3
end_of_record
TN:
SF:src/apps/recording/backend/middlewares/handleRouteNotFound.ts
FN:3,handleRouteNotFound
FNF:1
FNH:1
FNDA:1,handleRouteNotFound
DA:3,3
DA:4,1
LF:2
LH:2
BRF:0
BRH:0
end_of_record
TN:
SF:src/apps/recording/backend/tests/app.ts
FN:4,getTestApp
FNF:1
FNH:1
FNDA:2,getTestApp
DA:2,2
DA:4,2
DA:5,2
LF:3
LH:3
BRF:0
BRH:0
end_of_record
TN:
SF:src/contexts/Recording/Shared/infrastructure/persistence/mongo/MongoConfigFactory.ts
FN:7,(anonymous_0)
FN:13,(anonymous_1)
FNF:2
FNH:1
FNDA:0,(anonymous_0)
FNDA:3,(anonymous_1)
DA:1,3
DA:4,3
DA:6,3
DA:8,0
DA:14,3
LF:5
LH:4
BRF:0
BRH:0
end_of_record
TN:
SF:src/contexts/Recording/Videos/application/Create/VideoCreator.ts
FN:7,(anonymous_1)
FN:9,(anonymous_2)
FNF:2
FNH:2
FNDA:4,(anonymous_1)
FNDA:9,(anonymous_2)
DA:1,4
DA:6,4
DA:7,4
DA:10,9
DA:11,9
LF:5
LH:5
BRF:0
BRH:0
end_of_record
TN:
SF:src/contexts/Recording/Videos/domain/Video.ts
FN:6,(anonymous_1)
FN:10,(anonymous_2)
FN:14,(anonymous_3)
FN:18,(anonymous_4)
FNF:4
FNH:4
FNDA:31,(anonymous_1)
FNDA:9,(anonymous_2)
FNDA:6,(anonymous_3)
FNDA:19,(anonymous_4)
DA:1,5
DA:2,5
DA:3,5
DA:5,5
DA:6,31
DA:7,31
DA:11,9
DA:15,6
DA:19,19
LF:9
LH:9
BRF:0
BRH:0
end_of_record
TN:
SF:src/contexts/Recording/Videos/domain/VideoId.ts
FNF:0
FNH:0
DA:1,5
DA:3,5
LF:2
LH:2
BRF:0
BRH:0
end_of_record
TN:
SF:src/contexts/Recording/Videos/domain/VideoTitle.ts
FN:9,(anonymous_1)
FN:14,(anonymous_2)
FN:20,(anonymous_3)
FNF:3
FNH:3
FNDA:33,(anonymous_1)
FNDA:33,(anonymous_2)
FNDA:33,(anonymous_3)
DA:1,5
DA:2,5
DA:4,5
DA:5,33
DA:10,33
DA:11,30
DA:15,33
DA:16,31
DA:17,31
DA:21,33
LF:10
LH:10
BRDA:17,0,0,1
BRDA:17,0,1,30
BRDA:21,1,0,2
BRDA:21,1,1,31
BRF:4
BRH:4
end_of_record
TN:
SF:src/contexts/Recording/Videos/infrastructure/MongoVideoRepository.ts
FN:7,(anonymous_8)
FN:11,(anonymous_9)
FN:15,(anonymous_11)
FN:18,(anonymous_13)
FN:21,(anonymous_14)
FN:27,(anonymous_16)
FNF:6
FNH:5
FNDA:21,(anonymous_8)
FNDA:8,(anonymous_9)
FNDA:3,(anonymous_11)
FNDA:6,(anonymous_13)
FNDA:0,(anonymous_14)
FNDA:10,(anonymous_16)
DA:1,3
DA:3,3
DA:6,3
DA:8,21
DA:12,8
DA:16,3
DA:17,3
DA:18,6
DA:22,0
DA:23,0
DA:24,0
DA:28,10
LF:12
LH:9
BRDA:24,0,0,0
BRDA:24,0,1,0
BRF:2
BRH:0
end_of_record
TN:
SF:src/contexts/Shared/domain/AggregateRoot.ts
FNF:0
FNH:0
DA:1,5
LF:1
LH:1
BRF:0
BRH:0
end_of_record
TN:
SF:src/contexts/Shared/domain/errors/InvalidUuid.ts
FN:5,(anonymous_1)
FNF:1
FNH:1
FNDA:3,(anonymous_1)
DA:1,5
DA:2,5
DA:4,5
DA:6,3
DA:7,3
DA:8,3
LF:6
LH:6
BRF:0
BRH:0
end_of_record
TN:
SF:src/contexts/Shared/domain/value-object/Uuid.ts
FN:7,(anonymous_1)
FN:12,(anonymous_2)
FN:17,(anonymous_3)
FN:21,(anonymous_4)
FNF:4
FNH:4
FNDA:53,(anonymous_1)
FNDA:53,(anonymous_2)
FNDA:17,(anonymous_3)
FNDA:1,(anonymous_4)
DA:1,5
DA:2,5
DA:4,5
DA:8,53
DA:9,50
DA:13,53
DA:14,53
DA:18,17
DA:22,1
LF:9
LH:9
BRDA:14,0,0,3
BRDA:14,0,1,50
BRF:2
BRH:2
end_of_record
TN:
SF:src/contexts/Shared/infrastructure/persistence/mongo/MongoClientFactory.ts
FN:11,(anonymous_7)
FN:21,(anonymous_9)
FN:25,(anonymous_10)
FN:31,(anonymous_12)
FNF:4
FNH:4
FNDA:3,(anonymous_7)
FNDA:3,(anonymous_9)
FNDA:3,(anonymous_10)
FNDA:3,(anonymous_12)
DA:1,3
DA:8,3
DA:9,3
DA:12,3
DA:14,3
DA:15,3
DA:16,3
DA:18,3
DA:22,3
DA:26,3
DA:27,3
DA:28,3
DA:32,3
LF:13
LH:13
BRDA:14,0,0,3
BRDA:14,0,1,0
BRF:2
BRH:1
end_of_record
TN:
SF:src/contexts/Shared/infrastructure/persistence/mongo/MongoRepository.ts
FN:5,(anonymous_7)
FN:9,(anonymous_8)
FN:13,(anonymous_9)
FN:18,(anonymous_11)
FN:29,(anonymous_13)
FNF:5
FNH:5
FNDA:3,(anonymous_7)
FNDA:21,(anonymous_8)
FNDA:11,(anonymous_9)
FNDA:8,(anonymous_11)
FNDA:10,(anonymous_13)
DA:4,3
DA:5,3
DA:10,21
DA:14,11
DA:15,11
DA:19,8
DA:25,8
DA:26,8
DA:30,10
DA:31,10
LF:10
LH:10
BRF:0
BRH:0
end_of_record
TN:
SF:src/test/Recording/Videos/domain/VideoMother.ts
FN:7,(anonymous_1)
FN:11,(anonymous_2)
FN:16,(anonymous_3)
FN:22,(anonymous_4)
FN:23,(anonymous_5)
FNF:5
FNH:5
FNDA:16,(anonymous_1)
FNDA:16,(anonymous_2)
FNDA:15,(anonymous_3)
FNDA:2,(anonymous_4)
FNDA:15,(anonymous_5)
DA:1,3
DA:2,3
DA:3,3
DA:4,3
DA:6,3
DA:8,16
DA:12,16
DA:13,16
DA:17,15
DA:18,15
DA:19,15
DA:23,15
LF:12
LH:12
BRDA:22,0,0,1
BRF:1
BRH:1
end_of_record
TN:
SF:src/test/Recording/Videos/infrastructure/MockVideoRepository.ts
FN:3,(anonymous_0)
FNF:1
FNH:1
FNDA:2,(anonymous_0)
DA:3,2
DA:4,2
DA:5,2
DA:6,2
DA:7,2
LF:5
LH:5
BRF:0
BRH:0
end_of_record
TN:
SF:src/test/Recording/Videos/infrastructure/utils.ts
FN:4,clearVideosFromDB
FNF:1
FNH:1
FNDA:10,clearVideosFromDB
DA:2,1
DA:4,1
DA:5,10
DA:6,10
LF:4
LH:4
BRF:0
BRH:0
end_of_record
